{
    "time": "2026-01-05T11:51:40+00:00",
    "uri": "\/v1\/admin\/api\/post\/save\/publish",
    "method": "POST",
    "post": {
        "id": "0",
        "data": {
            "type": "book",
            "title": "سوره الفرقان",
            "content": "",
            "special": "0",
            "excerpt": "",
            "meta_keywords": "",
            "meta_description": "",
            "author": "1"
        },
        "meta": {
            "product": {
                "type": "file",
                "price": "",
                "off": "",
                "pre": "",
                "size": "",
                "volume": "",
                "mass": "",
                "description": ""
            }
        },
        "date": {
            "i": "21",
            "H": "15",
            "d": "15",
            "m": "10",
            "y": "1404"
        }
    },
    "files": [],
    "raw": ""
}
----
{
    "time": "2026-01-05T11:52:25+00:00",
    "uri": "\/v1\/admin\/api\/post\/save\/publish",
    "method": "POST",
    "post": {
        "id": "0",
        "data": {
            "type": "book",
            "title": "سوره الفرقان",
            "content": "",
            "special": "0",
            "excerpt": "",
            "meta_keywords": "",
            "meta_description": "",
            "author": "1"
        },
        "meta": {
            "product": {
                "type": "file",
                "price": "",
                "off": "",
                "pre": "",
                "size": "",
                "volume": "",
                "mass": "",
                "description": ""
            }
        },
        "date": {
            "i": "21",
            "H": "15",
            "d": "15",
            "m": "10",
            "y": "1404"
        }
    },
    "files": [],
    "raw": ""
}
----
{
    "time": "2026-01-05T11:53:57+00:00",
    "uri": "\/v1\/admin\/api\/post\/save\/publish",
    "method": "POST",
    "post": {
        "id": "0",
        "data": {
            "type": "book",
            "title": "سوره الفرقان",
            "content": "",
            "special": "0",
            "excerpt": "",
            "meta_keywords": "",
            "meta_description": "",
            "author": "1"
        },
        "meta": {
            "product": {
                "type": "file",
                "price": "",
                "off": "",
                "pre": "",
                "size": "",
                "volume": "",
                "mass": "",
                "description": ""
            }
        },
        "date": {
            "i": "21",
            "H": "15",
            "d": "15",
            "m": "10",
            "y": "1404"
        }
    },
    "files": [],
    "raw": ""
}
----
{
    "time": "2026-01-05T11:54:36+00:00",
    "uri": "\/v1\/admin\/api\/post\/save\/publish",
    "method": "POST",
    "post": {
        "id": "0",
        "data": {
            "type": "book",
            "title": "سوره الفرقان",
            "content": "",
            "special": "0",
            "excerpt": "",
            "meta_keywords": "",
            "meta_description": "",
            "author": "1"
        },
        "meta": {
            "product": {
                "type": "file",
                "price": "",
                "off": "",
                "pre": "",
                "size": "",
                "volume": "",
                "mass": "",
                "description": ""
            }
        },
        "date": {
            "i": "21",
            "H": "15",
            "d": "15",
            "m": "10",
            "y": "1404"
        }
    },
    "files": [],
    "raw": ""
}
----
{
    "time": "2026-01-05T11:54:43+00:00",
    "uri": "\/v1\/admin\/api\/post\/save\/publish",
    "method": "POST",
    "post": {
        "id": "0",
        "data": {
            "type": "book",
            "title": "سوره النور",
            "content": "",
            "special": "0",
            "excerpt": "",
            "meta_keywords": "",
            "meta_description": "",
            "author": "1"
        },
        "meta": {
            "product": {
                "type": "file",
                "price": "",
                "off": "",
                "pre": "",
                "size": "",
                "volume": "",
                "mass": "",
                "description": ""
            }
        },
        "date": {
            "i": "24",
            "H": "15",
            "d": "15",
            "m": "10",
            "y": "1404"
        }
    },
    "files": [],
    "raw": ""
}
----
{
    "time": "2026-01-05T11:55:07+00:00",
    "uri": "\/v1\/admin\/api\/post\/save\/publish",
    "method": "POST",
    "post": {
        "id": "0",
        "data": {
            "type": "book",
            "title": "سوره النور",
            "content": "",
            "special": "0",
            "excerpt": "",
            "meta_keywords": "",
            "meta_description": "",
            "author": "1"
        },
        "meta": {
            "product": {
                "type": "file",
                "price": "",
                "off": "",
                "pre": "",
                "size": "",
                "volume": "",
                "mass": "",
                "description": ""
            }
        },
        "date": {
            "i": "24",
            "H": "15",
            "d": "15",
            "m": "10",
            "y": "1404"
        }
    },
    "files": [],
    "raw": ""
}
----
{
    "time": "2026-01-05T11:57:52+00:00",
    "uri": "\/v1\/admin\/api\/post\/save\/publish",
    "method": "POST",
    "post": {
        "id": "0",
        "data": {
            "type": "book",
            "title": "سوره النور",
            "content": "",
            "special": "0",
            "excerpt": "",
            "meta_keywords": "",
            "meta_description": "",
            "author": "1"
        },
        "meta": {
            "product": {
                "type": "file",
                "price": "",
                "off": "",
                "pre": "",
                "size": "",
                "volume": "",
                "mass": "",
                "description": ""
            }
        },
        "date": {
            "i": "24",
            "H": "15",
            "d": "15",
            "m": "10",
            "y": "1404"
        }
    },
    "files": [],
    "raw": ""
}
----
{
    "time": "2026-01-05T11:58:11+00:00",
    "uri": "\/v1\/admin\/api\/post\/save\/publish",
    "method": "POST",
    "post": {
        "id": "0",
        "data": {
            "type": "book",
            "title": "سوره النور",
            "content": "",
            "special": "0",
            "excerpt": "",
            "meta_keywords": "",
            "meta_description": "",
            "author": "1"
        },
        "meta": {
            "product": {
                "type": "file",
                "price": "",
                "off": "",
                "pre": "",
                "size": "",
                "volume": "",
                "mass": "",
                "description": ""
            }
        },
        "date": {
            "i": "24",
            "H": "15",
            "d": "15",
            "m": "10",
            "y": "1404"
        }
    },
    "files": [],
    "raw": ""
}
----
{
    "time": "2026-01-05T11:58:53+00:00",
    "uri": "\/v1\/admin\/api\/post\/save\/publish",
    "method": "POST",
    "post": {
        "id": "0",
        "data": {
            "type": "book",
            "title": "سوره النور",
            "content": "",
            "special": "0",
            "excerpt": "",
            "meta_keywords": "",
            "meta_description": "",
            "author": "1"
        },
        "meta": {
            "product": {
                "type": "file",
                "price": "",
                "off": "",
                "pre": "",
                "size": "",
                "volume": "",
                "mass": "",
                "description": ""
            }
        },
        "date": {
            "i": "24",
            "H": "15",
            "d": "15",
            "m": "10",
            "y": "1404"
        }
    },
    "files": [],
    "raw": ""
}
----
